TN:
SF:api\authentication.js
FN:15,(anonymous_0)
FN:29,(anonymous_1)
FN:38,(anonymous_2)
FN:44,(anonymous_3)
FN:48,handler
FN:85,handleRegistration
FN:175,handleLogin
FN:245,handleTokenVerification
FN:299,handleTokenRefresh
FNF:9
FNH:1
FNDA:0,(anonymous_0)
FNDA:0,(anonymous_1)
FNDA:0,(anonymous_2)
FNDA:0,(anonymous_3)
FNDA:12,handler
FNDA:0,handleRegistration
FNDA:0,handleLogin
FNDA:0,handleTokenVerification
FNDA:0,handleTokenRefresh
DA:5,1
DA:11,1
DA:12,1
DA:15,1
DA:16,0
DA:29,1
DA:30,0
DA:31,0
DA:33,0
DA:38,1
DA:39,0
DA:40,0
DA:44,1
DA:45,0
DA:50,12
DA:51,12
DA:52,12
DA:53,12
DA:58,12
DA:59,0
DA:60,0
DA:63,12
DA:65,12
DA:66,12
DA:68,0
DA:70,0
DA:72,0
DA:74,0
DA:76,12
DA:79,0
DA:80,0
DA:86,0
DA:87,0
DA:90,0
DA:93,0
DA:94,0
DA:100,0
DA:101,0
DA:102,0
DA:106,0
DA:107,0
DA:112,0
DA:114,0
DA:120,0
DA:121,0
DA:125,0
DA:128,0
DA:145,0
DA:146,0
DA:147,0
DA:151,0
DA:153,0
DA:169,0
DA:170,0
DA:176,0
DA:177,0
DA:180,0
DA:183,0
DA:184,0
DA:189,0
DA:191,0
DA:197,0
DA:198,0
DA:202,0
DA:203,0
DA:207,0
DA:208,0
DA:209,0
DA:213,0
DA:222,0
DA:224,0
DA:239,0
DA:240,0
DA:246,0
DA:247,0
DA:250,0
DA:251,0
DA:253,0
DA:254,0
DA:257,0
DA:258,0
DA:259,0
DA:260,0
DA:264,0
DA:270,0
DA:271,0
DA:274,0
DA:293,0
DA:294,0
DA:300,0
DA:301,0
DA:304,0
DA:305,0
DA:307,0
DA:308,0
DA:311,0
DA:313,0
DA:314,0
DA:315,0
DA:319,0
DA:325,0
DA:326,0
DA:330,0
DA:332,0
DA:346,0
DA:347,0
LF:106
LH:16
BRDA:11,0,0,1
BRDA:11,0,1,0
BRDA:12,1,0,1
BRDA:12,1,1,0
BRDA:15,2,0,0
BRDA:58,3,0,0
BRDA:58,3,1,12
BRDA:66,4,0,0
BRDA:66,4,1,0
BRDA:66,4,2,0
BRDA:66,4,3,0
BRDA:66,4,4,12
BRDA:86,5,0,0
BRDA:86,5,1,0
BRDA:90,6,0,0
BRDA:93,7,0,0
BRDA:93,7,1,0
BRDA:93,8,0,0
BRDA:93,8,1,0
BRDA:93,8,2,0
BRDA:101,9,0,0
BRDA:101,9,1,0
BRDA:106,10,0,0
BRDA:106,10,1,0
BRDA:120,11,0,0
BRDA:120,11,1,0
BRDA:145,12,0,0
BRDA:145,12,1,0
BRDA:176,13,0,0
BRDA:176,13,1,0
BRDA:183,14,0,0
BRDA:183,14,1,0
BRDA:183,15,0,0
BRDA:183,15,1,0
BRDA:197,16,0,0
BRDA:197,16,1,0
BRDA:197,17,0,0
BRDA:197,17,1,0
BRDA:202,18,0,0
BRDA:202,18,1,0
BRDA:208,19,0,0
BRDA:208,19,1,0
BRDA:246,20,0,0
BRDA:246,20,1,0
BRDA:251,21,0,0
BRDA:251,21,1,0
BRDA:253,22,0,0
BRDA:253,22,1,0
BRDA:259,23,0,0
BRDA:259,23,1,0
BRDA:270,24,0,0
BRDA:270,24,1,0
BRDA:270,25,0,0
BRDA:270,25,1,0
BRDA:270,25,2,0
BRDA:300,26,0,0
BRDA:300,26,1,0
BRDA:305,27,0,0
BRDA:305,27,1,0
BRDA:307,28,0,0
BRDA:307,28,1,0
BRDA:314,29,0,0
BRDA:314,29,1,0
BRDA:325,30,0,0
BRDA:325,30,1,0
BRDA:325,31,0,0
BRDA:325,31,1,0
BRDA:325,31,2,0
BRF:68
BRH:4
end_of_record
TN:
SF:api\protected-example.js
FN:9,handler
FN:53,handleGetUserProfile
FN:85,handleUpdateUserProfile
FN:136,handleDeleteUserAccount
FN:181,adminOnlyHandler
FNF:5
FNH:1
FNDA:9,handler
FNDA:0,handleGetUserProfile
FNDA:0,handleUpdateUserProfile
FNDA:0,handleDeleteUserAccount
FNDA:0,adminOnlyHandler
DA:4,1
DA:11,9
DA:12,9
DA:13,9
DA:14,9
DA:19,9
DA:20,1
DA:21,1
DA:25,8
DA:26,8
DA:27,8
DA:33,0
DA:35,0
DA:36,0
DA:38,0
DA:40,0
DA:42,0
DA:44,0
DA:47,0
DA:48,0
DA:54,0
DA:55,0
DA:61,0
DA:62,0
DA:65,0
DA:79,0
DA:80,0
DA:86,0
DA:87,0
DA:90,0
DA:91,0
DA:97,0
DA:99,0
DA:100,0
DA:104,0
DA:105,0
DA:107,0
DA:114,0
DA:115,0
DA:118,0
DA:130,0
DA:131,0
DA:137,0
DA:140,0
DA:141,0
DA:147,0
DA:149,0
DA:151,0
DA:162,0
DA:163,0
DA:166,0
DA:175,0
DA:176,0
DA:183,0
DA:184,0
DA:185,0
DA:189,0
DA:190,0
DA:197,0
LF:59
LH:11
BRDA:19,0,0,1
BRDA:19,0,1,8
BRDA:26,1,0,8
BRDA:26,1,1,0
BRDA:28,2,0,8
BRDA:28,2,1,0
BRDA:36,3,0,0
BRDA:36,3,1,0
BRDA:36,3,2,0
BRDA:36,3,3,0
BRDA:61,4,0,0
BRDA:61,4,1,0
BRDA:90,5,0,0
BRDA:90,5,1,0
BRDA:90,6,0,0
BRDA:90,6,1,0
BRDA:90,6,2,0
BRDA:97,7,0,0
BRDA:97,7,1,0
BRDA:104,8,0,0
BRDA:104,8,1,0
BRDA:105,9,0,0
BRDA:105,9,1,0
BRDA:114,10,0,0
BRDA:114,10,1,0
BRDA:140,11,0,0
BRDA:140,11,1,0
BRDA:140,12,0,0
BRDA:140,12,1,0
BRDA:140,12,2,0
BRDA:147,13,0,0
BRDA:147,13,1,0
BRDA:162,14,0,0
BRDA:162,14,1,0
BRDA:184,15,0,0
BRDA:184,15,1,0
BRDA:189,16,0,0
BRDA:189,16,1,0
BRF:38
BRH:4
end_of_record
TN:
SF:api\submit-registration.js
FN:8,handler
FNF:1
FNH:0
FNDA:0,handler
DA:3,0
DA:10,0
DA:11,0
DA:12,0
DA:13,0
DA:18,0
DA:19,0
DA:20,0
DA:23,0
DA:24,0
DA:27,0
DA:28,0
DA:31,0
DA:32,0
DA:38,0
DA:53,0
DA:54,0
DA:55,0
DA:58,0
DA:64,0
DA:65,0
LF:21
LH:0
BRDA:18,0,0,0
BRDA:18,0,1,0
BRDA:23,1,0,0
BRDA:23,1,1,0
BRDA:31,2,0,0
BRDA:31,2,1,0
BRDA:31,3,0,0
BRDA:31,3,1,0
BRDA:31,3,2,0
BRDA:31,3,3,0
BRDA:53,4,0,0
BRDA:53,4,1,0
BRF:12
BRH:0
end_of_record
TN:
SF:api\middleware\auth.js
FN:18,(anonymous_0)
FN:100,(anonymous_1)
FN:101,(anonymous_2)
FN:132,(anonymous_3)
FN:178,(anonymous_4)
FN:190,(anonymous_5)
FNF:6
FNH:6
FNDA:6,(anonymous_0)
FNDA:4,(anonymous_1)
FNDA:4,(anonymous_2)
FNDA:12,(anonymous_3)
FNDA:2,(anonymous_4)
FNDA:4,(anonymous_5)
DA:4,2
DA:9,2
DA:18,2
DA:19,6
DA:20,6
DA:21,6
DA:23,6
DA:24,1
DA:31,5
DA:34,3
DA:40,3
DA:41,3
DA:47,0
DA:48,0
DA:55,0
DA:65,0
DA:66,0
DA:70,0
DA:73,2
DA:74,1
DA:80,1
DA:81,1
DA:87,0
DA:88,0
DA:100,2
DA:101,4
DA:102,4
DA:103,1
DA:109,3
DA:110,3
DA:112,3
DA:113,2
DA:121,1
DA:122,1
DA:132,2
DA:133,12
DA:134,12
DA:135,12
DA:137,12
DA:138,2
DA:141,10
DA:143,7
DA:149,6
DA:150,6
DA:153,0
DA:166,3
DA:178,2
DA:179,2
DA:190,2
DA:191,4
DA:192,4
DA:193,4
DA:195,2
DA:196,2
DA:198,0
LF:55
LH:45
BRDA:9,0,0,2
BRDA:9,0,1,0
BRDA:21,1,0,6
BRDA:21,1,1,5
BRDA:23,2,0,1
BRDA:23,2,1,5
BRDA:40,3,0,3
BRDA:40,3,1,0
BRDA:40,4,0,3
BRDA:40,4,1,0
BRDA:47,5,0,0
BRDA:47,5,1,0
BRDA:65,6,0,0
BRDA:65,6,1,0
BRDA:73,7,0,1
BRDA:73,7,1,1
BRDA:80,8,0,1
BRDA:80,8,1,0
BRDA:102,9,0,1
BRDA:102,9,1,3
BRDA:110,10,0,0
BRDA:110,10,1,3
BRDA:112,11,0,2
BRDA:112,11,1,1
BRDA:121,12,0,1
BRDA:121,12,1,0
BRDA:135,13,0,12
BRDA:135,13,1,10
BRDA:137,14,0,2
BRDA:137,14,1,10
BRDA:149,15,0,6
BRDA:149,15,1,0
BRDA:149,16,0,6
BRDA:149,16,1,0
BRDA:149,16,2,0
BRDA:168,17,0,0
BRDA:168,17,1,3
BRDA:193,18,0,2
BRDA:193,18,1,2
BRDA:193,19,0,4
BRDA:193,19,1,2
BRF:41
BRH:27
end_of_record
